<?xml version="1.0" encoding="UTF-8"?>
<testsuite xmlns:xsi="http://www.w3.org/2001/XMLSchema-instance" xsi:noNamespaceSchemaLocation="https://maven.apache.org/surefire/maven-surefire-plugin/xsd/surefire-test-report.xsd" name="com.example.demo.DemoApplicationTests" time="2.522" tests="1" errors="0" skipped="0" failures="0">
  <properties>
    <property name="sun.desktop" value="gnome"/>
    <property name="awt.toolkit" value="sun.awt.X11.XToolkit"/>
    <property name="file.encoding.pkg" value="sun.io"/>
    <property name="java.specification.version" value="1.8"/>
    <property name="sun.cpu.isalist" value=""/>
    <property name="sun.jnu.encoding" value="UTF-8"/>
    <property name="java.class.path" value="/home/moises/Downloads/poc/target/test-classes:/home/moises/Downloads/poc/target/classes:/home/moises/.m2/repository/org/springframework/boot/spring-boot-starter-webflux/2.4.0-M3/spring-boot-starter-webflux-2.4.0-M3.jar:/home/moises/.m2/repository/org/springframework/boot/spring-boot-starter/2.4.0-M3/spring-boot-starter-2.4.0-M3.jar:/home/moises/.m2/repository/org/springframework/boot/spring-boot/2.4.0-M3/spring-boot-2.4.0-M3.jar:/home/moises/.m2/repository/org/springframework/boot/spring-boot-autoconfigure/2.4.0-M3/spring-boot-autoconfigure-2.4.0-M3.jar:/home/moises/.m2/repository/org/springframework/boot/spring-boot-starter-logging/2.4.0-M3/spring-boot-starter-logging-2.4.0-M3.jar:/home/moises/.m2/repository/ch/qos/logback/logback-classic/1.2.3/logback-classic-1.2.3.jar:/home/moises/.m2/repository/ch/qos/logback/logback-core/1.2.3/logback-core-1.2.3.jar:/home/moises/.m2/repository/org/apache/logging/log4j/log4j-to-slf4j/2.13.3/log4j-to-slf4j-2.13.3.jar:/home/moises/.m2/repository/org/apache/logging/log4j/log4j-api/2.13.3/log4j-api-2.13.3.jar:/home/moises/.m2/repository/org/slf4j/jul-to-slf4j/1.7.30/jul-to-slf4j-1.7.30.jar:/home/moises/.m2/repository/jakarta/annotation/jakarta.annotation-api/1.3.5/jakarta.annotation-api-1.3.5.jar:/home/moises/.m2/repository/org/yaml/snakeyaml/1.27/snakeyaml-1.27.jar:/home/moises/.m2/repository/org/springframework/boot/spring-boot-starter-json/2.4.0-M3/spring-boot-starter-json-2.4.0-M3.jar:/home/moises/.m2/repository/com/fasterxml/jackson/datatype/jackson-datatype-jdk8/2.11.2/jackson-datatype-jdk8-2.11.2.jar:/home/moises/.m2/repository/com/fasterxml/jackson/datatype/jackson-datatype-jsr310/2.11.2/jackson-datatype-jsr310-2.11.2.jar:/home/moises/.m2/repository/com/fasterxml/jackson/module/jackson-module-parameter-names/2.11.2/jackson-module-parameter-names-2.11.2.jar:/home/moises/.m2/repository/org/springframework/boot/spring-boot-starter-reactor-netty/2.4.0-M3/spring-boot-starter-reactor-netty-2.4.0-M3.jar:/home/moises/.m2/repository/io/projectreactor/netty/reactor-netty-http/1.0.0-RC1/reactor-netty-http-1.0.0-RC1.jar:/home/moises/.m2/repository/io/netty/netty-codec-http/4.1.52.Final/netty-codec-http-4.1.52.Final.jar:/home/moises/.m2/repository/io/netty/netty-common/4.1.52.Final/netty-common-4.1.52.Final.jar:/home/moises/.m2/repository/io/netty/netty-buffer/4.1.52.Final/netty-buffer-4.1.52.Final.jar:/home/moises/.m2/repository/io/netty/netty-transport/4.1.52.Final/netty-transport-4.1.52.Final.jar:/home/moises/.m2/repository/io/netty/netty-codec/4.1.52.Final/netty-codec-4.1.52.Final.jar:/home/moises/.m2/repository/io/netty/netty-handler/4.1.52.Final/netty-handler-4.1.52.Final.jar:/home/moises/.m2/repository/io/netty/netty-codec-http2/4.1.52.Final/netty-codec-http2-4.1.52.Final.jar:/home/moises/.m2/repository/io/netty/netty-resolver-dns/4.1.52.Final/netty-resolver-dns-4.1.52.Final.jar:/home/moises/.m2/repository/io/netty/netty-resolver/4.1.52.Final/netty-resolver-4.1.52.Final.jar:/home/moises/.m2/repository/io/netty/netty-codec-dns/4.1.52.Final/netty-codec-dns-4.1.52.Final.jar:/home/moises/.m2/repository/io/netty/netty-transport-native-epoll/4.1.52.Final/netty-transport-native-epoll-4.1.52.Final-linux-x86_64.jar:/home/moises/.m2/repository/io/netty/netty-transport-native-unix-common/4.1.52.Final/netty-transport-native-unix-common-4.1.52.Final.jar:/home/moises/.m2/repository/io/projectreactor/netty/reactor-netty-core/1.0.0-RC1/reactor-netty-core-1.0.0-RC1.jar:/home/moises/.m2/repository/io/netty/netty-handler-proxy/4.1.52.Final/netty-handler-proxy-4.1.52.Final.jar:/home/moises/.m2/repository/io/netty/netty-codec-socks/4.1.52.Final/netty-codec-socks-4.1.52.Final.jar:/home/moises/.m2/repository/org/springframework/spring-web/5.3.0-RC1/spring-web-5.3.0-RC1.jar:/home/moises/.m2/repository/org/springframework/spring-beans/5.3.0-RC1/spring-beans-5.3.0-RC1.jar:/home/moises/.m2/repository/org/springframework/spring-webflux/5.3.0-RC1/spring-webflux-5.3.0-RC1.jar:/home/moises/.m2/repository/io/projectreactor/reactor-core/3.4.0-RC1/reactor-core-3.4.0-RC1.jar:/home/moises/.m2/repository/org/reactivestreams/reactive-streams/1.0.3/reactive-streams-1.0.3.jar:/home/moises/.m2/repository/org/synchronoss/cloud/nio-multipart-parser/1.1.0/nio-multipart-parser-1.1.0.jar:/home/moises/.m2/repository/org/synchronoss/cloud/nio-stream-storage/1.1.3/nio-stream-storage-1.1.3.jar:/home/moises/.m2/repository/org/springframework/cloud/spring-cloud-function-web/3.1.0-SNAPSHOT/spring-cloud-function-web-3.1.0-SNAPSHOT.jar:/home/moises/.m2/repository/org/springframework/cloud/spring-cloud-function-context/3.1.0-SNAPSHOT/spring-cloud-function-context-3.1.0-SNAPSHOT.jar:/home/moises/.m2/repository/net/jodah/typetools/0.6.2/typetools-0.6.2.jar:/home/moises/.m2/repository/org/springframework/cloud/spring-cloud-function-core/3.1.0-SNAPSHOT/spring-cloud-function-core-3.1.0-SNAPSHOT.jar:/home/moises/.m2/repository/org/springframework/spring-messaging/5.3.0-RC1/spring-messaging-5.3.0-RC1.jar:/home/moises/.m2/repository/com/github/danielwegener/logback-kafka-appender/0.2.0-RC2/logback-kafka-appender-0.2.0-RC2.jar:/home/moises/.m2/repository/org/slf4j/slf4j-api/1.7.30/slf4j-api-1.7.30.jar:/home/moises/.m2/repository/io/micronaut/configuration/micronaut-kafka/1.4.0/micronaut-kafka-1.4.0.jar:/home/moises/.m2/repository/io/micronaut/micronaut-messaging/1.2.8/micronaut-messaging-1.2.8.jar:/home/moises/.m2/repository/io/micronaut/micronaut-inject/1.2.8/micronaut-inject-1.2.8.jar:/home/moises/.m2/repository/javax/annotation/javax.annotation-api/1.3.2/javax.annotation-api-1.3.2.jar:/home/moises/.m2/repository/javax/inject/javax.inject/1/javax.inject-1.jar:/home/moises/.m2/repository/io/micronaut/micronaut-core/1.2.8/micronaut-core-1.2.8.jar:/home/moises/.m2/repository/com/google/code/findbugs/jsr305/3.0.2/jsr305-3.0.2.jar:/home/moises/.m2/repository/io/micronaut/micronaut-runtime/1.2.8/micronaut-runtime-1.2.8.jar:/home/moises/.m2/repository/io/micronaut/micronaut-http/1.2.8/micronaut-http-1.2.8.jar:/home/moises/.m2/repository/io/micronaut/micronaut-aop/1.2.8/micronaut-aop-1.2.8.jar:/home/moises/.m2/repository/io/reactivex/rxjava2/rxjava/2.2.19/rxjava-2.2.19.jar:/home/moises/.m2/repository/org/springframework/experimental/spring-graalvm-native/0.8.1-SNAPSHOT/spring-graalvm-native-0.8.1-SNAPSHOT.jar:/home/moises/.m2/repository/org/springframework/boot/spring-boot-configuration-processor/2.4.0-M3/spring-boot-configuration-processor-2.4.0-M3.jar:/home/moises/.m2/repository/org/springframework/spring-context-indexer/5.3.0-RC1/spring-context-indexer-5.3.0-RC1.jar:/home/moises/.m2/repository/org/springframework/boot/spring-boot-starter-security/2.3.3.RELEASE/spring-boot-starter-security-2.3.3.RELEASE.jar:/home/moises/.m2/repository/org/springframework/spring-aop/5.3.0-RC1/spring-aop-5.3.0-RC1.jar:/home/moises/.m2/repository/org/springframework/security/spring-security-config/5.4.0/spring-security-config-5.4.0.jar:/home/moises/.m2/repository/org/springframework/security/spring-security-core/5.4.0/spring-security-core-5.4.0.jar:/home/moises/.m2/repository/org/springframework/spring-context/5.3.0-RC1/spring-context-5.3.0-RC1.jar:/home/moises/.m2/repository/org/springframework/security/spring-security-web/5.4.0/spring-security-web-5.4.0.jar:/home/moises/.m2/repository/org/springframework/spring-expression/5.3.0-RC1/spring-expression-5.3.0-RC1.jar:/home/moises/.m2/repository/org/apache/kafka/kafka-clients/2.4.2-CUSTOM/kafka-clients-2.4.2-CUSTOM.jar:/home/moises/.m2/repository/org/hibernate/validator/hibernate-validator/6.0.5.Final/hibernate-validator-6.0.5.Final.jar:/home/moises/.m2/repository/javax/validation/validation-api/2.0.1.Final/validation-api-2.0.1.Final.jar:/home/moises/.m2/repository/org/jboss/logging/jboss-logging/3.4.1.Final/jboss-logging-3.4.1.Final.jar:/home/moises/.m2/repository/com/fasterxml/classmate/1.5.1/classmate-1.5.1.jar:/home/moises/.m2/repository/com/auth0/java-jwt/3.10.3/java-jwt-3.10.3.jar:/home/moises/.m2/repository/com/fasterxml/jackson/core/jackson-databind/2.11.2/jackson-databind-2.11.2.jar:/home/moises/.m2/repository/com/fasterxml/jackson/core/jackson-annotations/2.11.2/jackson-annotations-2.11.2.jar:/home/moises/.m2/repository/com/fasterxml/jackson/core/jackson-core/2.11.2/jackson-core-2.11.2.jar:/home/moises/.m2/repository/commons-codec/commons-codec/1.15/commons-codec-1.15.jar:/home/moises/.m2/repository/org/springframework/boot/spring-boot-starter-test/2.4.0-M3/spring-boot-starter-test-2.4.0-M3.jar:/home/moises/.m2/repository/org/springframework/boot/spring-boot-test/2.4.0-M3/spring-boot-test-2.4.0-M3.jar:/home/moises/.m2/repository/org/springframework/boot/spring-boot-test-autoconfigure/2.4.0-M3/spring-boot-test-autoconfigure-2.4.0-M3.jar:/home/moises/.m2/repository/com/jayway/jsonpath/json-path/2.4.0/json-path-2.4.0.jar:/home/moises/.m2/repository/net/minidev/json-smart/2.3/json-smart-2.3.jar:/home/moises/.m2/repository/net/minidev/accessors-smart/1.2/accessors-smart-1.2.jar:/home/moises/.m2/repository/org/ow2/asm/asm/5.0.4/asm-5.0.4.jar:/home/moises/.m2/repository/jakarta/xml/bind/jakarta.xml.bind-api/2.3.3/jakarta.xml.bind-api-2.3.3.jar:/home/moises/.m2/repository/jakarta/activation/jakarta.activation-api/1.2.2/jakarta.activation-api-1.2.2.jar:/home/moises/.m2/repository/org/assertj/assertj-core/3.17.2/assertj-core-3.17.2.jar:/home/moises/.m2/repository/org/hamcrest/hamcrest/2.2/hamcrest-2.2.jar:/home/moises/.m2/repository/org/junit/jupiter/junit-jupiter/5.7.0/junit-jupiter-5.7.0.jar:/home/moises/.m2/repository/org/junit/jupiter/junit-jupiter-api/5.7.0/junit-jupiter-api-5.7.0.jar:/home/moises/.m2/repository/org/apiguardian/apiguardian-api/1.1.0/apiguardian-api-1.1.0.jar:/home/moises/.m2/repository/org/opentest4j/opentest4j/1.2.0/opentest4j-1.2.0.jar:/home/moises/.m2/repository/org/junit/platform/junit-platform-commons/1.7.0/junit-platform-commons-1.7.0.jar:/home/moises/.m2/repository/org/junit/jupiter/junit-jupiter-params/5.7.0/junit-jupiter-params-5.7.0.jar:/home/moises/.m2/repository/org/junit/jupiter/junit-jupiter-engine/5.7.0/junit-jupiter-engine-5.7.0.jar:/home/moises/.m2/repository/org/junit/platform/junit-platform-engine/1.7.0/junit-platform-engine-1.7.0.jar:/home/moises/.m2/repository/org/mockito/mockito-core/3.5.10/mockito-core-3.5.10.jar:/home/moises/.m2/repository/net/bytebuddy/byte-buddy/1.10.14/byte-buddy-1.10.14.jar:/home/moises/.m2/repository/net/bytebuddy/byte-buddy-agent/1.10.14/byte-buddy-agent-1.10.14.jar:/home/moises/.m2/repository/org/objenesis/objenesis/3.1/objenesis-3.1.jar:/home/moises/.m2/repository/org/mockito/mockito-junit-jupiter/3.5.10/mockito-junit-jupiter-3.5.10.jar:/home/moises/.m2/repository/org/skyscreamer/jsonassert/1.5.0/jsonassert-1.5.0.jar:/home/moises/.m2/repository/com/vaadin/external/google/android-json/0.0.20131108.vaadin1/android-json-0.0.20131108.vaadin1.jar:/home/moises/.m2/repository/org/springframework/spring-core/5.3.0-RC1/spring-core-5.3.0-RC1.jar:/home/moises/.m2/repository/org/springframework/spring-jcl/5.3.0-RC1/spring-jcl-5.3.0-RC1.jar:/home/moises/.m2/repository/org/springframework/spring-test/5.3.0-RC1/spring-test-5.3.0-RC1.jar:/home/moises/.m2/repository/org/xmlunit/xmlunit-core/2.7.0/xmlunit-core-2.7.0.jar:"/>
    <property name="java.vm.vendor" value="GraalVM Community"/>
    <property name="sun.arch.data.model" value="64"/>
    <property name="java.vendor.url" value="https://www.graalvm.org/"/>
    <property name="user.timezone" value=""/>
    <property name="java.vm.specification.version" value="1.8"/>
    <property name="os.name" value="Linux"/>
    <property name="sun.java.launcher" value="SUN_STANDARD"/>
    <property name="user.country" value="US"/>
    <property name="sun.boot.library.path" value="/home/moises/.sdkman/candidates/java/20.1.0.r8-grl/jre/lib/amd64"/>
    <property name="sun.java.command" value="/home/moises/Downloads/poc/target/surefire/surefirebooter934996422356881594.jar /home/moises/Downloads/poc/target/surefire 2020-10-25T18-26-12_681-jvmRun1 surefire7209519363820118168tmp surefire_05135747090591818872tmp"/>
    <property name="surefire.test.class.path" value="/home/moises/Downloads/poc/target/test-classes:/home/moises/Downloads/poc/target/classes:/home/moises/.m2/repository/org/springframework/boot/spring-boot-starter-webflux/2.4.0-M3/spring-boot-starter-webflux-2.4.0-M3.jar:/home/moises/.m2/repository/org/springframework/boot/spring-boot-starter/2.4.0-M3/spring-boot-starter-2.4.0-M3.jar:/home/moises/.m2/repository/org/springframework/boot/spring-boot/2.4.0-M3/spring-boot-2.4.0-M3.jar:/home/moises/.m2/repository/org/springframework/boot/spring-boot-autoconfigure/2.4.0-M3/spring-boot-autoconfigure-2.4.0-M3.jar:/home/moises/.m2/repository/org/springframework/boot/spring-boot-starter-logging/2.4.0-M3/spring-boot-starter-logging-2.4.0-M3.jar:/home/moises/.m2/repository/ch/qos/logback/logback-classic/1.2.3/logback-classic-1.2.3.jar:/home/moises/.m2/repository/ch/qos/logback/logback-core/1.2.3/logback-core-1.2.3.jar:/home/moises/.m2/repository/org/apache/logging/log4j/log4j-to-slf4j/2.13.3/log4j-to-slf4j-2.13.3.jar:/home/moises/.m2/repository/org/apache/logging/log4j/log4j-api/2.13.3/log4j-api-2.13.3.jar:/home/moises/.m2/repository/org/slf4j/jul-to-slf4j/1.7.30/jul-to-slf4j-1.7.30.jar:/home/moises/.m2/repository/jakarta/annotation/jakarta.annotation-api/1.3.5/jakarta.annotation-api-1.3.5.jar:/home/moises/.m2/repository/org/yaml/snakeyaml/1.27/snakeyaml-1.27.jar:/home/moises/.m2/repository/org/springframework/boot/spring-boot-starter-json/2.4.0-M3/spring-boot-starter-json-2.4.0-M3.jar:/home/moises/.m2/repository/com/fasterxml/jackson/datatype/jackson-datatype-jdk8/2.11.2/jackson-datatype-jdk8-2.11.2.jar:/home/moises/.m2/repository/com/fasterxml/jackson/datatype/jackson-datatype-jsr310/2.11.2/jackson-datatype-jsr310-2.11.2.jar:/home/moises/.m2/repository/com/fasterxml/jackson/module/jackson-module-parameter-names/2.11.2/jackson-module-parameter-names-2.11.2.jar:/home/moises/.m2/repository/org/springframework/boot/spring-boot-starter-reactor-netty/2.4.0-M3/spring-boot-starter-reactor-netty-2.4.0-M3.jar:/home/moises/.m2/repository/io/projectreactor/netty/reactor-netty-http/1.0.0-RC1/reactor-netty-http-1.0.0-RC1.jar:/home/moises/.m2/repository/io/netty/netty-codec-http/4.1.52.Final/netty-codec-http-4.1.52.Final.jar:/home/moises/.m2/repository/io/netty/netty-common/4.1.52.Final/netty-common-4.1.52.Final.jar:/home/moises/.m2/repository/io/netty/netty-buffer/4.1.52.Final/netty-buffer-4.1.52.Final.jar:/home/moises/.m2/repository/io/netty/netty-transport/4.1.52.Final/netty-transport-4.1.52.Final.jar:/home/moises/.m2/repository/io/netty/netty-codec/4.1.52.Final/netty-codec-4.1.52.Final.jar:/home/moises/.m2/repository/io/netty/netty-handler/4.1.52.Final/netty-handler-4.1.52.Final.jar:/home/moises/.m2/repository/io/netty/netty-codec-http2/4.1.52.Final/netty-codec-http2-4.1.52.Final.jar:/home/moises/.m2/repository/io/netty/netty-resolver-dns/4.1.52.Final/netty-resolver-dns-4.1.52.Final.jar:/home/moises/.m2/repository/io/netty/netty-resolver/4.1.52.Final/netty-resolver-4.1.52.Final.jar:/home/moises/.m2/repository/io/netty/netty-codec-dns/4.1.52.Final/netty-codec-dns-4.1.52.Final.jar:/home/moises/.m2/repository/io/netty/netty-transport-native-epoll/4.1.52.Final/netty-transport-native-epoll-4.1.52.Final-linux-x86_64.jar:/home/moises/.m2/repository/io/netty/netty-transport-native-unix-common/4.1.52.Final/netty-transport-native-unix-common-4.1.52.Final.jar:/home/moises/.m2/repository/io/projectreactor/netty/reactor-netty-core/1.0.0-RC1/reactor-netty-core-1.0.0-RC1.jar:/home/moises/.m2/repository/io/netty/netty-handler-proxy/4.1.52.Final/netty-handler-proxy-4.1.52.Final.jar:/home/moises/.m2/repository/io/netty/netty-codec-socks/4.1.52.Final/netty-codec-socks-4.1.52.Final.jar:/home/moises/.m2/repository/org/springframework/spring-web/5.3.0-RC1/spring-web-5.3.0-RC1.jar:/home/moises/.m2/repository/org/springframework/spring-beans/5.3.0-RC1/spring-beans-5.3.0-RC1.jar:/home/moises/.m2/repository/org/springframework/spring-webflux/5.3.0-RC1/spring-webflux-5.3.0-RC1.jar:/home/moises/.m2/repository/io/projectreactor/reactor-core/3.4.0-RC1/reactor-core-3.4.0-RC1.jar:/home/moises/.m2/repository/org/reactivestreams/reactive-streams/1.0.3/reactive-streams-1.0.3.jar:/home/moises/.m2/repository/org/synchronoss/cloud/nio-multipart-parser/1.1.0/nio-multipart-parser-1.1.0.jar:/home/moises/.m2/repository/org/synchronoss/cloud/nio-stream-storage/1.1.3/nio-stream-storage-1.1.3.jar:/home/moises/.m2/repository/org/springframework/cloud/spring-cloud-function-web/3.1.0-SNAPSHOT/spring-cloud-function-web-3.1.0-SNAPSHOT.jar:/home/moises/.m2/repository/org/springframework/cloud/spring-cloud-function-context/3.1.0-SNAPSHOT/spring-cloud-function-context-3.1.0-SNAPSHOT.jar:/home/moises/.m2/repository/net/jodah/typetools/0.6.2/typetools-0.6.2.jar:/home/moises/.m2/repository/org/springframework/cloud/spring-cloud-function-core/3.1.0-SNAPSHOT/spring-cloud-function-core-3.1.0-SNAPSHOT.jar:/home/moises/.m2/repository/org/springframework/spring-messaging/5.3.0-RC1/spring-messaging-5.3.0-RC1.jar:/home/moises/.m2/repository/com/github/danielwegener/logback-kafka-appender/0.2.0-RC2/logback-kafka-appender-0.2.0-RC2.jar:/home/moises/.m2/repository/org/slf4j/slf4j-api/1.7.30/slf4j-api-1.7.30.jar:/home/moises/.m2/repository/io/micronaut/configuration/micronaut-kafka/1.4.0/micronaut-kafka-1.4.0.jar:/home/moises/.m2/repository/io/micronaut/micronaut-messaging/1.2.8/micronaut-messaging-1.2.8.jar:/home/moises/.m2/repository/io/micronaut/micronaut-inject/1.2.8/micronaut-inject-1.2.8.jar:/home/moises/.m2/repository/javax/annotation/javax.annotation-api/1.3.2/javax.annotation-api-1.3.2.jar:/home/moises/.m2/repository/javax/inject/javax.inject/1/javax.inject-1.jar:/home/moises/.m2/repository/io/micronaut/micronaut-core/1.2.8/micronaut-core-1.2.8.jar:/home/moises/.m2/repository/com/google/code/findbugs/jsr305/3.0.2/jsr305-3.0.2.jar:/home/moises/.m2/repository/io/micronaut/micronaut-runtime/1.2.8/micronaut-runtime-1.2.8.jar:/home/moises/.m2/repository/io/micronaut/micronaut-http/1.2.8/micronaut-http-1.2.8.jar:/home/moises/.m2/repository/io/micronaut/micronaut-aop/1.2.8/micronaut-aop-1.2.8.jar:/home/moises/.m2/repository/io/reactivex/rxjava2/rxjava/2.2.19/rxjava-2.2.19.jar:/home/moises/.m2/repository/org/springframework/experimental/spring-graalvm-native/0.8.1-SNAPSHOT/spring-graalvm-native-0.8.1-SNAPSHOT.jar:/home/moises/.m2/repository/org/springframework/boot/spring-boot-configuration-processor/2.4.0-M3/spring-boot-configuration-processor-2.4.0-M3.jar:/home/moises/.m2/repository/org/springframework/spring-context-indexer/5.3.0-RC1/spring-context-indexer-5.3.0-RC1.jar:/home/moises/.m2/repository/org/springframework/boot/spring-boot-starter-security/2.3.3.RELEASE/spring-boot-starter-security-2.3.3.RELEASE.jar:/home/moises/.m2/repository/org/springframework/spring-aop/5.3.0-RC1/spring-aop-5.3.0-RC1.jar:/home/moises/.m2/repository/org/springframework/security/spring-security-config/5.4.0/spring-security-config-5.4.0.jar:/home/moises/.m2/repository/org/springframework/security/spring-security-core/5.4.0/spring-security-core-5.4.0.jar:/home/moises/.m2/repository/org/springframework/spring-context/5.3.0-RC1/spring-context-5.3.0-RC1.jar:/home/moises/.m2/repository/org/springframework/security/spring-security-web/5.4.0/spring-security-web-5.4.0.jar:/home/moises/.m2/repository/org/springframework/spring-expression/5.3.0-RC1/spring-expression-5.3.0-RC1.jar:/home/moises/.m2/repository/org/apache/kafka/kafka-clients/2.4.2-CUSTOM/kafka-clients-2.4.2-CUSTOM.jar:/home/moises/.m2/repository/org/hibernate/validator/hibernate-validator/6.0.5.Final/hibernate-validator-6.0.5.Final.jar:/home/moises/.m2/repository/javax/validation/validation-api/2.0.1.Final/validation-api-2.0.1.Final.jar:/home/moises/.m2/repository/org/jboss/logging/jboss-logging/3.4.1.Final/jboss-logging-3.4.1.Final.jar:/home/moises/.m2/repository/com/fasterxml/classmate/1.5.1/classmate-1.5.1.jar:/home/moises/.m2/repository/com/auth0/java-jwt/3.10.3/java-jwt-3.10.3.jar:/home/moises/.m2/repository/com/fasterxml/jackson/core/jackson-databind/2.11.2/jackson-databind-2.11.2.jar:/home/moises/.m2/repository/com/fasterxml/jackson/core/jackson-annotations/2.11.2/jackson-annotations-2.11.2.jar:/home/moises/.m2/repository/com/fasterxml/jackson/core/jackson-core/2.11.2/jackson-core-2.11.2.jar:/home/moises/.m2/repository/commons-codec/commons-codec/1.15/commons-codec-1.15.jar:/home/moises/.m2/repository/org/springframework/boot/spring-boot-starter-test/2.4.0-M3/spring-boot-starter-test-2.4.0-M3.jar:/home/moises/.m2/repository/org/springframework/boot/spring-boot-test/2.4.0-M3/spring-boot-test-2.4.0-M3.jar:/home/moises/.m2/repository/org/springframework/boot/spring-boot-test-autoconfigure/2.4.0-M3/spring-boot-test-autoconfigure-2.4.0-M3.jar:/home/moises/.m2/repository/com/jayway/jsonpath/json-path/2.4.0/json-path-2.4.0.jar:/home/moises/.m2/repository/net/minidev/json-smart/2.3/json-smart-2.3.jar:/home/moises/.m2/repository/net/minidev/accessors-smart/1.2/accessors-smart-1.2.jar:/home/moises/.m2/repository/org/ow2/asm/asm/5.0.4/asm-5.0.4.jar:/home/moises/.m2/repository/jakarta/xml/bind/jakarta.xml.bind-api/2.3.3/jakarta.xml.bind-api-2.3.3.jar:/home/moises/.m2/repository/jakarta/activation/jakarta.activation-api/1.2.2/jakarta.activation-api-1.2.2.jar:/home/moises/.m2/repository/org/assertj/assertj-core/3.17.2/assertj-core-3.17.2.jar:/home/moises/.m2/repository/org/hamcrest/hamcrest/2.2/hamcrest-2.2.jar:/home/moises/.m2/repository/org/junit/jupiter/junit-jupiter/5.7.0/junit-jupiter-5.7.0.jar:/home/moises/.m2/repository/org/junit/jupiter/junit-jupiter-api/5.7.0/junit-jupiter-api-5.7.0.jar:/home/moises/.m2/repository/org/apiguardian/apiguardian-api/1.1.0/apiguardian-api-1.1.0.jar:/home/moises/.m2/repository/org/opentest4j/opentest4j/1.2.0/opentest4j-1.2.0.jar:/home/moises/.m2/repository/org/junit/platform/junit-platform-commons/1.7.0/junit-platform-commons-1.7.0.jar:/home/moises/.m2/repository/org/junit/jupiter/junit-jupiter-params/5.7.0/junit-jupiter-params-5.7.0.jar:/home/moises/.m2/repository/org/junit/jupiter/junit-jupiter-engine/5.7.0/junit-jupiter-engine-5.7.0.jar:/home/moises/.m2/repository/org/junit/platform/junit-platform-engine/1.7.0/junit-platform-engine-1.7.0.jar:/home/moises/.m2/repository/org/mockito/mockito-core/3.5.10/mockito-core-3.5.10.jar:/home/moises/.m2/repository/net/bytebuddy/byte-buddy/1.10.14/byte-buddy-1.10.14.jar:/home/moises/.m2/repository/net/bytebuddy/byte-buddy-agent/1.10.14/byte-buddy-agent-1.10.14.jar:/home/moises/.m2/repository/org/objenesis/objenesis/3.1/objenesis-3.1.jar:/home/moises/.m2/repository/org/mockito/mockito-junit-jupiter/3.5.10/mockito-junit-jupiter-3.5.10.jar:/home/moises/.m2/repository/org/skyscreamer/jsonassert/1.5.0/jsonassert-1.5.0.jar:/home/moises/.m2/repository/com/vaadin/external/google/android-json/0.0.20131108.vaadin1/android-json-0.0.20131108.vaadin1.jar:/home/moises/.m2/repository/org/springframework/spring-core/5.3.0-RC1/spring-core-5.3.0-RC1.jar:/home/moises/.m2/repository/org/springframework/spring-jcl/5.3.0-RC1/spring-jcl-5.3.0-RC1.jar:/home/moises/.m2/repository/org/springframework/spring-test/5.3.0-RC1/spring-test-5.3.0-RC1.jar:/home/moises/.m2/repository/org/xmlunit/xmlunit-core/2.7.0/xmlunit-core-2.7.0.jar:"/>
    <property name="sun.cpu.endian" value="little"/>
    <property name="user.home" value="/home/moises"/>
    <property name="user.language" value="en"/>
    <property name="java.specification.vendor" value="Oracle Corporation"/>
    <property name="java.home" value="/home/moises/.sdkman/candidates/java/20.1.0.r8-grl/jre"/>
    <property name="basedir" value="/home/moises/Downloads/poc"/>
    <property name="file.separator" value="/"/>
    <property name="line.separator" value="&#10;"/>
    <property name="java.vm.specification.vendor" value="Oracle Corporation"/>
    <property name="java.specification.name" value="Java Platform API Specification"/>
    <property name="java.awt.graphicsenv" value="sun.awt.X11GraphicsEnvironment"/>
    <property name="surefire.real.class.path" value="/home/moises/Downloads/poc/target/surefire/surefirebooter934996422356881594.jar"/>
    <property name="sun.boot.class.path" value="/home/moises/.sdkman/candidates/java/20.1.0.r8-grl/jre/lib/resources.jar:/home/moises/.sdkman/candidates/java/20.1.0.r8-grl/jre/lib/rt.jar:/home/moises/.sdkman/candidates/java/20.1.0.r8-grl/jre/lib/sunrsasign.jar:/home/moises/.sdkman/candidates/java/20.1.0.r8-grl/jre/lib/jsse.jar:/home/moises/.sdkman/candidates/java/20.1.0.r8-grl/jre/lib/jce.jar:/home/moises/.sdkman/candidates/java/20.1.0.r8-grl/jre/lib/charsets.jar:/home/moises/.sdkman/candidates/java/20.1.0.r8-grl/jre/lib/jfr.jar:/home/moises/.sdkman/candidates/java/20.1.0.r8-grl/jre/lib/jvmci-services.jar:/home/moises/.sdkman/candidates/java/20.1.0.r8-grl/jre/classes:/home/moises/.sdkman/candidates/java/20.1.0.r8-grl/jre/lib/boot/graal-sdk.jar:/home/moises/.sdkman/candidates/java/20.1.0.r8-grl/jre/lib/boot/graaljs-scriptengine.jar"/>
    <property name="sun.management.compiler" value="HotSpot 64-Bit Tiered Compilers"/>
    <property name="java.runtime.version" value="1.8.0_252-b09"/>
    <property name="user.name" value="moises"/>
    <property name="path.separator" value=":"/>
    <property name="os.version" value="5.4.0-52-generic"/>
    <property name="java.endorsed.dirs" value="/home/moises/.sdkman/candidates/java/20.1.0.r8-grl/jre/lib/endorsed"/>
    <property name="java.runtime.name" value="OpenJDK Runtime Environment"/>
    <property name="file.encoding" value="UTF-8"/>
    <property name="java.vm.name" value="OpenJDK 64-Bit Server VM GraalVM CE 20.1.0"/>
    <property name="jvmci.Compiler" value="graal"/>
    <property name="localRepository" value="/home/moises/.m2/repository"/>
    <property name="java.vendor.url.bug" value="https://github.com/oracle/graal/issues"/>
    <property name="java.io.tmpdir" value="/tmp"/>
    <property name="java.version" value="1.8.0_252"/>
    <property name="user.dir" value="/home/moises/Downloads/poc"/>
    <property name="os.arch" value="amd64"/>
    <property name="java.vm.specification.name" value="Java Virtual Machine Specification"/>
    <property name="java.awt.printerjob" value="sun.print.PSPrinterJob"/>
    <property name="sun.os.patch.level" value="unknown"/>
    <property name="java.library.path" value="/usr/java/packages/lib/amd64:/usr/lib64:/lib64:/lib:/usr/lib"/>
    <property name="java.vm.info" value="mixed mode"/>
    <property name="java.vendor" value="GraalVM Community"/>
    <property name="java.vm.version" value="25.252-b09-jvmci-20.1-b02"/>
    <property name="java.ext.dirs" value="/home/moises/.sdkman/candidates/java/20.1.0.r8-grl/jre/lib/ext:/usr/java/packages/lib/ext"/>
    <property name="sun.io.unicode.encoding" value="UnicodeLittle"/>
    <property name="java.class.version" value="52.0"/>
  </properties>
  <testcase name="contextLoads" classname="com.example.demo.DemoApplicationTests" time="0.194"/>
</testsuite>